<?xml version="1.0" encoding="UTF-8"?>
<testsuite xmlns:xsi="http://www.w3.org/2001/XMLSchema-instance" xsi:noNamespaceSchemaLocation="https://maven.apache.org/surefire/maven-surefire-plugin/xsd/surefire-test-report.xsd" version="3.0.2" name="name.golets.order.hunter.common.CommonModuleCompileVerificationTest" time="0.038" tests="1" errors="0" skipped="0" failures="0">
  <properties>
[...]
</properties>
  <testcase name="commonModuleCompilesAndRunsTests" classname="name.golets.order.hunter.common.CommonModuleCompileVerificationTest" time="0.029"/>
</testsuite>