<?xml version="1.0" encoding="UTF-8"?>
<testsuite xmlns:xsi="http://www.w3.org/2001/XMLSchema-instance" xsi:noNamespaceSchemaLocation="https://maven.apache.org/surefire/maven-surefire-plugin/xsd/surefire-test-report.xsd" version="3.0.2" name="name.golets.order.hunter.manager.OrderHunterManagerApplicationTests" time="1.375" tests="1" errors="0" skipped="0" failures="0">
  <properties>
[...]
</properties>
  <testcase name="contextLoads" classname="name.golets.order.hunter.manager.OrderHunterManagerApplicationTests" time="0.361">
    <system-out><![CDATA[
  .   ____          _            __ _ _
 /\\ / ___'_ __ _ _(_)_ __  __ _ \ \ \ \
( ( )\___ | '_ | '_| | '_ \/ _` | \ \ \ \
 \\/  ___)| |_)| | | | | || (_| |  ) ) ) )
  '  |____| .__|_| |_|_| |_\__, | / / / /
 =========|_|==============|___/=/_/_/_/

 :: Spring Boot ::                (v4.0.5)

2026-03-29T13:58:35.194+03:00  INFO 31548 --- [           main] [                                                 ] o.h.m.OrderHunterManagerApplicationTests : Starting OrderHunterManagerApplicationTests using Java 21.0.6 with PID 31548 (started by andri in C:\Users\andri\IdeaProjects\order-hunter\order-hunter-manager)
2026-03-29T13:58:35.196+03:00  INFO 31548 --- [           main] [                                                 ] o.h.m.OrderHunterManagerApplicationTests : No active profile set, falling back to 1 default profile: "default"
2026-03-29T13:58:35.871+03:00  INFO 31548 --- [           main] [                                                 ] o.h.m.OrderHunterManagerApplicationTests : Started OrderHunterManagerApplicationTests in 0.812 seconds (process running for 1.437)
]]></system-out>
    <system-err><![CDATA[Mockito is currently self-attaching to enable the inline-mock-maker. This will no longer work in future releases of the JDK. Please add Mockito as an agent to your build as described in Mockito's documentation: https://javadoc.io/doc/org.mockito/mockito-core/latest/org.mockito/org/mockito/Mockito.html#0.3
WARNING: A Java agent has been loaded dynamically (C:\Users\andri\.m2\repository\net\bytebuddy\byte-buddy-agent\1.17.8\byte-buddy-agent-1.17.8.jar)
WARNING: If a serviceability tool is in use, please run with -XX:+EnableDynamicAgentLoading to hide this warning
WARNING: If a serviceability tool is not in use, please run with -Djdk.instrument.traceUsage for more information
WARNING: Dynamic loading of agents will be disallowed by default in a future release
]]></system-err>
  </testcase>
</testsuite>